<?xml version="1.0" encoding="UTF-8"?>
<testng-results ignored="2" total="3" passed="1" failed="0" skipped="0">
  <reporter-output>
  </reporter-output>
  <suite started-at="2023-03-03T17:39:10 NPT" name="Default suite" finished-at="2023-03-03T17:39:26 NPT" duration-ms="16046">
    <groups>
    </groups>
    <test started-at="2023-03-03T17:39:10 NPT" name="Default test" finished-at="2023-03-03T17:39:26 NPT" duration-ms="16046">
      <class name="herokuapp.HerokuappWebAutomation">
        <test-method is-config="true" signature="setUp()[pri:0, instance:herokuapp.HerokuappWebAutomation@2f7298b]" started-at="2023-03-03T17:39:10 NPT" name="setUp" finished-at="2023-03-03T17:39:20 NPT" duration-ms="9235" status="PASS">
          <reporter-output>
          </reporter-output>
        </test-method> <!-- setUp -->
        <test-method signature="AddRemoveElements()[pri:3, instance:herokuapp.HerokuappWebAutomation@2f7298b]" started-at="2023-03-03T17:39:20 NPT" name="AddRemoveElements" finished-at="2023-03-03T17:39:26 NPT" duration-ms="6531" status="PASS">
          <reporter-output>
          </reporter-output>
        </test-method> <!-- AddRemoveElements -->
        <test-method is-config="true" signature="tearDown()[pri:0, instance:herokuapp.HerokuappWebAutomation@2f7298b]" started-at="2023-03-03T17:39:26 NPT" name="tearDown" finished-at="2023-03-03T17:39:26 NPT" duration-ms="235" status="PASS">
          <reporter-output>
          </reporter-output>
        </test-method> <!-- tearDown -->
      </class> <!-- herokuapp.HerokuappWebAutomation -->
    </test> <!-- Default test -->
  </suite> <!-- Default suite -->
</testng-results>
