<?xml version="1.0" encoding="UTF-8"?>
<!-- Generated by org.testng.reporters.JUnitXMLReporter -->
<testsuite ignored="2" hostname="IMVEEZAYY" failures="0" tests="1" name="Default test" time="16.046" errors="0" timestamp="2023-03-03T17:39:26 NPT">
  <testcase classname="herokuapp.HerokuappWebAutomation" name="AddRemoveElements" time="6.531"/>
  <testcase classname="herokuapp.HerokuappWebAutomation" name="ValidateCheckBoxes" time="0.0">
    <ignored/>
  </testcase> <!-- ValidateCheckBoxes -->
  <testcase classname="herokuapp.HerokuappWebAutomation" name="LoginBasicAuth" time="0.0">
    <ignored/>
  </testcase> <!-- LoginBasicAuth -->
</testsuite> <!-- Default test -->
